<?xml version="1.0" encoding="UTF-8"?>
<!-- Generated by org.testng.reporters.JUnitReportReporter -->
<testsuite hostname="SAHAL" failures="0" tests="3" name="org.ictkerala.testcases.UserNewPost" time="49.484" errors="0" timestamp="2023-08-04T17:11:24 IST" skipped="0">
  <testcase classname="org.ictkerala.testcases.UserNewPost" name="validUserPost" time="15.116"/>
  <testcase classname="org.ictkerala.testcases.UserNewPost" name="validUserPostInvalidURL" time="15.167"/>
  <testcase classname="org.ictkerala.testcases.UserNewPost" name="validUserPostInvalidCategorySel" time="19.201"/>
</testsuite> <!-- org.ictkerala.testcases.UserNewPost -->
