<?xml version="1.0" encoding="UTF-8"?>
<!-- Generated by org.testng.reporters.JUnitReportReporter -->
<testsuite hostname="ASUS" failures="0" tests="2" name="org.ictkerala.testcases.HomeCheckTC" time="22.547" errors="0" timestamp="2023-08-08T21:56:45 IST" skipped="0">
  <testcase classname="org.ictkerala.testcases.HomeCheckTC" name="CheckGECataPosted" time="12.529"/>
  <testcase classname="org.ictkerala.testcases.HomeCheckTC" name="CheckUserCataPosted" time="10.018"/>
</testsuite> <!-- org.ictkerala.testcases.HomeCheckTC -->
