<?xml version="1.0" encoding="UTF-8"?>
<!-- Generated by org.testng.reporters.JUnitReportReporter -->
<testsuite hostname="ASUS" failures="0" tests="4" name="org.ictkerala.testcases.LoginTestCase" time="57.210" errors="0" timestamp="2023-08-06T21:19:18 IST" skipped="0">
  <testcase classname="org.ictkerala.testcases.LoginTestCase" name="validLogin" time="14.194"/>
  <testcase classname="org.ictkerala.testcases.LoginTestCase" name="InvalidLogin" time="12.774"/>
  <testcase classname="org.ictkerala.testcases.LoginTestCase" name="InvalidPasswordLogin" time="17.449"/>
  <testcase classname="org.ictkerala.testcases.LoginTestCase" name="BlankInputLogin" time="12.793"/>
</testsuite> <!-- org.ictkerala.testcases.LoginTestCase -->
